#BEGIN Configuration used. Extracted from "/home/cs6290/sesc/confs/cmp4-noc.conf":
cpucore[0:3]='issueX'
NoMigration=true
pageSize  =4096
procsPerNode=4
technology='techParam'
[BPredIssueX]
Metasize  =2048
MetaBits  =2
l2Bits    =1
btbAssoc  =2
l2size    =2048
btbBsize  =1
btbSize   =256
localSize =2048
btbReplPolicy='LRU'
localBits =2
BTACDelay =0
historySize=8
type      ='hybrid'
rasSize   =32
[L2Slice]
numPorts  =2
assoc     =16
numPortsDir=1
inclusive =false
writePolicy='WB'
size      =1048576
deviceType='slicecache'
hitDelayDir=1
MSHR      ='L2MSHR'
missDelay =12
lowerLevel="Router RTR sharedBy 1"
portOccp  =1
replPolicy='LRU'
hitDelay  =12
portOccpDir=1
bsize     =64
[FPClusterIssueX]
fpDivLat  =20
wakeupDelay=2
schedPortOccp=1
fpMultUnit='FPIssueX'
recycleAt ='Execute'
wakeUpPortOccp=1
fpALUUnit ='FPIssueX'
fpDivUnit ='FPIssueX'
schedDelay=1
fpALULat  =1
fpMultLat =8
wakeUpNumPorts=4
winSize   =16
schedNumPorts=4
[issueX]
renameDelay=1
frequency =1.000000e+09
bpred     ='BPredIssueX'
interClusterLat=2
dtlb      ='FXDTLB'
maxBranches=32
intRegs   =64
fetchWidth=2
instQueueSize=32
itlb      ='FXITLB'
bb4Cycle  =1
decodeDelay=2
dataSource="DMemory DL1"
inorder   =false
enableICache=true
retireWidth=2
robSize   =64
maxLoads  =44
instrSource="IMemory IL1"
fpRegs    =64
maxIRequests=4
issueWidth=2
regFileDelay=1
OSType    ='dummy'
stForwardDelay=1
cluster[1:1]='FPClusterIssueX'
cluster   ='FXClusterIssueX'
maxStores =36
[NOC]
booksim_output='booksim.log'
deviceType='booksim'
booksim_sample=1000000
booksim_config='mesh22.booksim'
lowerLevel="MemoryCtrl MemCtrl shared"
[FXITLB]
size      =512
assoc     =4
replPolicy='LRU'
bsize     =8
deviceType='cache'
[DMemory]
bsize     =64
hitDelay  =1
deviceType='smpcache'
assoc     =4
lowerLevel="Router RTR sharedBy 1"
sideLowerLevel="L2Slice L2S"
MSHR      ='DMSHR'
size      =32768
portOccp  =1
protocol  ='DMESI'
missDelay =1
numPorts  =2
replPolicy='LRU'
[MemoryCtrl]
numPorts  =8
lowerLevel="MemoryBus MemoryBus"
delay     =1
deviceType='memoryController'
portOccp  =1
[Memory]
size      =64
replPolicy='LRU'
MSHR      ='NoMSHR'
portOccp  =1
assoc     =1
bsize     =64
deviceType='niceCache'
numPorts  =1
lowerLevel='voidDevice'
missDelay =10000
hitDelay  =200
[IMemory]
lowerLevel="Router RTR sharedBy 1"
bsize     =64
protocol  ='DMESI'
portOccp  =1
size      =32768
MSHR      ='iMSHR'
hitDelay  =1
replPolicy='LRU'
assoc     =4
numPorts  =1
deviceType='icache'
sideLowerLevel=''
missDelay =1
[MemoryBus]
lowerLevel="Memory Memory"
deviceType='bus'
numPorts  =8
portOccp  =8
delay     =5
[FXDTLB]
deviceType='cache'
bsize     =8
assoc     =4
replPolicy='LRU'
size      =512
[FXClusterIssueX]
wakeUpPortOccp=1
iBJUnit   ='ALUIssueX'
iStoreUnit='LDSTIssueX'
iDivLat   =12
winSize   =56
iALUUnit  ='ALUIssueX'
iALULat   =1
schedNumPorts=4
schedDelay=1
iLoadLat  =1
iLoadUnit ='LDSTIssueX'
iMultLat  =4
wakeUpNumPorts=4
iBJLat    =1
iStoreLat =1
iMultUnit ='ALUIssueX'
iDivUnit  ='ALUIssueX'
recycleAt ='Execute'
schedPortOccp=1
wakeupDelay=2
[NoMSHR]
bsize     =64
size      =128
type      ='none'
[L2MSHR]
bsize     =64
size      =64
type      ='single'
[DMSHR]
bsize     =64
type      ='single'
size      =64
[Router]
dimY      =2
numPorts  =2
deviceType='router'
lowerLevel="NOC NOC shared"
portOccp  =1
delay     =1
dimX      =2
[iMSHR]
type      ='single'
size      =32
bsize     =64
[FPIssueX]
Num       =2
Occ       =1
[voidDevice]
deviceType='void'
[LDSTIssueX]
Occ       =1
Num       =1
[FileSys]
mount     ='/bin=/mipsroot/tools/bin:/lib=/mipsroot/tools/lib:/tools=/mipsroot/tools'
[ALUIssueX]
Num       =1
Occ       =1
[techParam]
frequency =1.000000e+09
#END Configuration used. Extracted from "/home/cs6290/sesc/confs/cmp4-noc.conf":
OSSim:beginTime=Thu Aug 29 23:04:33 2019

OSSim:bench=/home/cs6290/sesc/sesc.opt -fhello1.rpt -c /home/cs6290/sesc/confs/cmp4-noc.conf -ohello.out hello.mipseb 
OSSim:benchName=hello.mipseb
ProcessId(0):totalTime=85225:waitTime=0:spawnTime=0:exitTime=85225:Switchs=1
ProcessId(0):cpu=0:migrable=false:pinned=true:pid=0:ppid=-1:parentId=-1
ProcessId:nSwitchs=1:nSpawns=0:nGradInsts=4852:nWPathInsts=0
Proc(0):clockTicks=85246
Proc(1):clockTicks=0
Proc(2):clockTicks=0
Proc(3):clockTicks=0
OSSim:reportName=Final
OSSim:msecs=    1.49:nCPUs=4:nCycles=85247
OSSim:pseudoreset=0
BEGIN GStats::report Final
Read_U=0
Read_S=0
Read_E=0
Read_bS=0
Read_bE=0
Read_bS_H=0
Read_bE_H=0
Write_U=0
Write_S=0
Write_E=0
Write_bS=0
Write_bE=0
Write_bS_H=0
Write_bE_H=0
P(0)_DL1:readHit=908
P(0)_DL1:writeHit=861
P(0)_DL1:readMiss=69
P(0)_DL1:writeMiss=44
P(0)_DL1:readHalfMiss=27
P(0)_DL1:writeHalfMiss=252
P(0)_DL1:writeBack=0
P(0)_DL1:linePush=0
P(0)_DL1:lineFill=113
P(0)_DL1:readRetry=0
P(0)_DL1:writeRetry=0
P(0)_DL1:invalDirty=0
P(0)_DL1:allocDirty=0
P(0)_RTR_CTRLmsgCntHist(1)=111
P(0)_RTR_CTRLmsgCntHist(2)=7
P(0)_RTR_CTRLmsgCntHist(3)=5
P(0)_RTR_CTRLmsgCntHist_MaxKey=3
P(0)_RTR_CTRLmsgCntHist_Avg=1.138211
P(0)_RTR_CTRLmsgCntHist_Samples=123
P(0)_RTR_CTRLmsgS1Hist(1)=0
P(0)_RTR_CTRLmsgS1Hist(2)=63
P(0)_RTR_CTRLmsgS1Hist(3)=60
P(0)_RTR_CTRLmsgS1Hist_MaxKey=3
P(0)_RTR_CTRLmsgS1Hist_Avg=2.487805
P(0)_RTR_CTRLmsgS1Hist_Samples=123
P(0)_RTR_CTRLmsgS2Hist(1)=0
P(0)_RTR_CTRLmsgS2Hist(2)=567
P(0)_RTR_CTRLmsgS2Hist(3)=720
P(0)_RTR_CTRLmsgS2Hist_MaxKey=3
P(0)_RTR_CTRLmsgS2Hist_Avg=2.559441
P(0)_RTR_CTRLmsgS2Hist_Samples=1287
P(0)_RTR_DATAmsgCntHist(1)=111
P(0)_RTR_DATAmsgCntHist(2)=217
P(0)_RTR_DATAmsgCntHist(3)=99
P(0)_RTR_DATAmsgCntHist_MaxKey=3
P(0)_RTR_DATAmsgCntHist_Avg=1.971897
P(0)_RTR_DATAmsgCntHist_Samples=427
P(0)_RTR_DATAmsgS1Hist(1)=0
P(0)_RTR_DATAmsgS1Hist(2)=2884
P(0)_RTR_DATAmsgS1Hist(3)=1597
P(0)_RTR_DATAmsgS1Hist_MaxKey=3
P(0)_RTR_DATAmsgS1Hist_Avg=2.356394
P(0)_RTR_DATAmsgS1Hist_Samples=4481
P(0)_RTR_DATAmsgS2Hist(1)=0
P(0)_RTR_DATAmsgS2Hist(2)=38612
P(0)_RTR_DATAmsgS2Hist(3)=25795
P(0)_RTR_DATAmsgS2Hist_MaxKey=3
P(0)_RTR_DATAmsgS2Hist_Avg=2.400500
P(0)_RTR_DATAmsgS2Hist_Samples=64407
NOC_MESH_CTRLmsgCntHist(2)=224
NOC_MESH_CTRLmsgCntHist(3)=104
NOC_MESH_CTRLmsgCntHist_MaxKey=3
NOC_MESH_CTRLmsgCntHist_Avg=2.317073
NOC_MESH_CTRLmsgCntHist_Samples=328
NOC_MESH_CTRLmsgS1Hist(2)=1792
NOC_MESH_CTRLmsgS1Hist(3)=1144
NOC_MESH_CTRLmsgS1Hist_MaxKey=3
NOC_MESH_CTRLmsgS1Hist_Avg=2.389646
NOC_MESH_CTRLmsgS1Hist_Samples=2936
NOC_MESH_CTRLmsgS2Hist(2)=14336
NOC_MESH_CTRLmsgS2Hist(3)=12584
NOC_MESH_CTRLmsgS2Hist_MaxKey=3
NOC_MESH_CTRLmsgS2Hist_Avg=2.467459
NOC_MESH_CTRLmsgS2Hist_Samples=26920
NOC_MESH_DATAmsgCntHist(2)=224
NOC_MESH_DATAmsgCntHist(3)=104
NOC_MESH_DATAmsgCntHist_MaxKey=3
NOC_MESH_DATAmsgCntHist_Avg=2.317073
NOC_MESH_DATAmsgCntHist_Samples=328
NOC_MESH_DATAmsgS1Hist(2)=2729
NOC_MESH_DATAmsgS1Hist(3)=1566
NOC_MESH_DATAmsgS1Hist_MaxKey=3
NOC_MESH_DATAmsgS1Hist_Avg=2.364610
NOC_MESH_DATAmsgS1Hist_Samples=4295
NOC_MESH_DATAmsgS2Hist(2)=33381
NOC_MESH_DATAmsgS2Hist(3)=23590
NOC_MESH_DATAmsgS2Hist_MaxKey=3
NOC_MESH_DATAmsgS2Hist_Avg=2.414070
NOC_MESH_DATAmsgS2Hist_Samples=56971
DataP(0)_MemoryBus_occ:v=0:n=423
CmdP(0)_MemoryBus_occ:v=0:n=423
P(0)_Memory:readHalfMiss=0
P(0)_Memory:writeHalfMiss=0
P(0)_Memory:writeMiss=0
P(0)_Memory:readMiss=0
P(0)_Memory:readHit=423
P(0)_Memory:writeHit=0
P(0)_Memory:writeBack=0
P(0)_Memory:lineFill=0
P(0)_Memory:linePush=0
P(0)_Memory:nForwarded=0
P(0)_Memory:nWBFull=0
P(0)_Memory_avgPendingWrites:v=0:n=0
P(0)_Memory_avgMissLat:v=0:n=0
P(0)_Memory:rejected=0
P(0)_Memory:rejectedHits=0
P(0)_Memory_MSHR0_MSHR:nUse=0
P(0)_Memory_MSHR0_MSHR:nUseReads=0
P(0)_Memory_MSHR0_MSHR:nUseWrites=0
P(0)_Memory_MSHR0_MSHR:nOverflows=0
P(0)_Memory_MSHR0_MSHR_maxUsedEntries:max=0:n=0
P(0)_Memory_MSHR0_MSHR:nCanAccept=0
P(0)_Memory_MSHR0_MSHR:nCanNotAccept=0
P(0)_Memory_MSHR0_MSHR:nCanNotAcceptConv=0
P(0)_Memory_MSHR0_MSHR:blockingCycles_AutoAvg=0.000000
P(0)_Memory_B0:nAccesses=423
P(0)_Memory_occ:v=0:n=0
P(0)_Memory_B0_occ:v=0:n=0
P(0)_Memory_MSHR_B0_occ:v=0:n=0
P(0)_MemoryBus_AvgTime_MemRead:v=2.5:n=758
P(0)_MemoryBus_AvgTime_MemWrite:v=0:n=0
P(0)_MemoryBus_AvgTime_MemPush:v=0:n=0
P(0)_MemoryBus_AvgTime_MemReadW:v=2.5:n=88
MemCtrl_bus_occ:v=0:n=423
P(0)_RTR_bus_occ:v=0:n=657
P(0)_L2S:readHalfMiss=0
P(0)_L2S:writeHalfMiss=0
P(0)_L2S:writeMiss=0
P(0)_L2S:readMiss=107
P(0)_L2S:readHit=0
P(0)_L2S:writeHit=0
P(0)_L2S:writeBack=0
P(0)_L2S:lineFill=107
P(0)_L2S:linePush=4
P(0)_L2S:nForwarded=0
P(0)_L2S:nWBFull=0
P(0)_L2S_avgPendingWrites:v=0:n=0
P(0)_L2S_avgMissLat:v=210:n=107
P(0)_L2S:rejected=0
P(0)_L2S:rejectedHits=0
P(0)_L2S_DIR_occ:v=0:n=4
P(0)_L2S_MSHR0_MSHR:nUse=107
P(0)_L2S_MSHR0_MSHR:nUseReads=107
P(0)_L2S_MSHR0_MSHR:nUseWrites=0
P(0)_L2S_MSHR0_MSHR:nOverflows=0
P(0)_L2S_MSHR0_MSHR_maxUsedEntries:max=2:n=107
P(0)_L2S_MSHR0_MSHR:nCanAccept=0
P(0)_L2S_MSHR0_MSHR:nCanNotAccept=0
P(0)_L2S_MSHR0_MSHR:nCanNotAcceptConv=0
P(0)_L2S_MSHR0_MSHR:blockingCycles_AutoAvg=0.000000
P(0)_L2S_MSHR0_MSHR_avgOverflowConsumptions:v=0:n=0
P(0)_L2S_MSHR0_MSHR_maxOutsReqs:max=2:n=107
P(0)_L2S_MSHR0_MSHR_avgReqsPerLine:v=1:n=107
P(0)_L2S_MSHR0_MSHR:nIssuesNewEntry=107
P(0)_L2S_MSHR0_MSHR:nCanNotAcceptSubEntryFull=0
P(0)_L2S_MSHR0_MSHR:nCanNotAcceptTooManyWrites=0
P(0)_L2S_MSHR0_MSHR_avgQueueSize:v=0:n=107
P(0)_L2S_MSHR0_MSHR_avgWritesPerLine:v=0:n=107
P(0)_L2S_MSHR0_MSHR_avgWritesPerLineComb:v=0:n=107
P(0)_L2S_MSHR0_MSHR:nOnlyWrites=0
P(0)_L2S_MSHR0_MSHR:nRetiredEntries=107
P(0)_L2S_MSHR0_MSHR:nRetiredEntriesWritten=0
P(0)_L2S_B0:nAccesses=0
P(0)_L2S_occ:v=0:n=111
P(0)_L2S_B0_occ:v=0:n=218
P(0)_L2S_MSHR_B0_occ:v=0.00623053:n=321
P(0)_DL1_occ:v=0.163888:n=2099
P(0)_DL1_MSHR:nUse=1882
P(0)_DL1_MSHR:nUseReads=1882
P(0)_DL1_MSHR:nUseWrites=0
P(0)_DL1_MSHR:nOverflows=0
P(0)_DL1_MSHR_maxUsedEntries:max=7:n=1603
P(0)_DL1_MSHR:nCanAccept=905
P(0)_DL1_MSHR:nCanNotAccept=0
P(0)_DL1_MSHR:nCanNotAcceptConv=0
P(0)_DL1_MSHR:blockingCycles(0)=85247
P(0)_DL1_MSHR:blockingCycles_AutoAvg=0.000000
P(0)_DL1_MSHR_avgOverflowConsumptions:v=0:n=0
P(0)_DL1_MSHR_maxOutsReqs:max=101:n=1882
P(0)_DL1_MSHR_avgReqsPerLine:v=1.17405:n=1603
P(0)_DL1_MSHR:nIssuesNewEntry=1603
P(0)_DL1_MSHR:nCanNotAcceptSubEntryFull=0
P(0)_DL1_MSHR:nCanNotAcceptTooManyWrites=0
P(0)_DL1_MSHR_avgQueueSize:v=3.36929:n=1882
P(0)_DL1_MSHR_avgWritesPerLine:v=0:n=1603
P(0)_DL1_MSHR_avgWritesPerLineComb:v=0:n=1603
P(0)_DL1_MSHR:nOnlyWrites=0
P(0)_DL1_MSHR:nRetiredEntries=1603
P(0)_DL1_MSHR:nRetiredEntriesWritten=0
P(0)_IL1:readHit=2327
P(0)_IL1:writeHit=0
P(0)_IL1:readMiss=310
P(0)_IL1:writeMiss=0
P(0)_IL1:readHalfMiss=528
P(0)_IL1:writeHalfMiss=0
P(0)_IL1:writeBack=0
P(0)_IL1:linePush=0
P(0)_IL1:lineFill=310
P(0)_IL1:readRetry=0
P(0)_IL1:writeRetry=0
P(0)_IL1:invalDirty=0
P(0)_IL1:allocDirty=0
P(0)_IL1_occ:v=0.567632:n=3349
P(0)_IL1_MSHR:nUse=2637
P(0)_IL1_MSHR:nUseReads=2637
P(0)_IL1_MSHR:nUseWrites=0
P(0)_IL1_MSHR:nOverflows=0
P(0)_IL1_MSHR_maxUsedEntries:max=2:n=2109
P(0)_IL1_MSHR:nCanAccept=0
P(0)_IL1_MSHR:nCanNotAccept=0
P(0)_IL1_MSHR:nCanNotAcceptConv=0
P(0)_IL1_MSHR:blockingCycles_AutoAvg=0.000000
P(0)_IL1_MSHR_avgOverflowConsumptions:v=0:n=0
P(0)_IL1_MSHR_maxOutsReqs:max=4:n=2637
P(0)_IL1_MSHR_avgReqsPerLine:v=1.25036:n=2109
P(0)_IL1_MSHR:nIssuesNewEntry=2109
P(0)_IL1_MSHR:nCanNotAcceptSubEntryFull=0
P(0)_IL1_MSHR:nCanNotAcceptTooManyWrites=0
P(0)_IL1_MSHR_avgQueueSize:v=3.551:n=2637
P(0)_IL1_MSHR_avgWritesPerLine:v=0:n=2109
P(0)_IL1_MSHR_avgWritesPerLineComb:v=0:n=2109
P(0)_IL1_MSHR:nOnlyWrites=0
P(0)_IL1_MSHR:nRetiredEntries=2109
P(0)_IL1_MSHR:nRetiredEntriesWritten=0
LDSTQ(0)_ldldViolations=0
LDSTQ(0)_stldViolations=0
LDSTQ(0)_ststViolations=0
LDSTQ(0)_stldForwarding=0
Proc(0)_FXClusterIssueX:nReplay=1
Proc(0)_FXClusterIssueX_wakeUp_occ:v=0.046176:n=9702
Proc(0)_FXClusterIssueX_sched_occ:v=0.002886:n=4851
Proc(0)_FXClusterIssueX_winNotUsed:v=46.014:n=4851
ALUIssueX(0)_occ:v=0.45332:n=2967
LDSTIssueX(0)_occ:v=1.10757:n=2789
FULoad(0)_ldqNotUsed:v=40.7273:n=979
FULoad(0):nForwarded=2
FUStore(0)_stqNotUsed:v=27.5448:n=905
FUStore(0):nDeadStore=0
FUStore(0):nFences=0
FUStore(0):fenceStallCycles=0
Proc(0)_FPClusterIssueX:nReplay=0
Proc(0)_FPClusterIssueX_wakeUp_occ:v=0:n=0
Proc(0)_FPClusterIssueX_sched_occ:v=0:n=0
Proc(0)_FPClusterIssueX_winNotUsed:v=0:n=0
FPIssueX(0)_occ:v=0:n=0
Proc(0)_robUsed:v=2.458:n=85246
Processor(0)_noFetch=0
Processor(0)_noFetch2=82609
ExeEngine(0)_retired:v=0.208744:n=23239
ExeEngine(0):noRetOtherCause=0
Processor(0):nLocks=0
Processor(0):nLockContCycles=0
ExeEngine(0):nSmallWin=507
ExeEngine(0):nSmallROB=404
ExeEngine(0):nSmallREG=0
ExeEngine(0):nOutsLoads=0
ExeEngine(0):nOutsStores=0
ExeEngine(0):nOutsBranches=0
ExeEngine(0):nReplays=0
ExeEngine(0):PortConflict=0
ExeEngine(0):switch=0
ExeEngine(0):noRetSelf_iOpInvalid_NotExecuted=0
ExeEngine(0):noRetSelf_iALU_NotExecuted=2871
ExeEngine(0):noRetSelf_iMult_NotExecuted=24
ExeEngine(0):noRetSelf_iDiv_NotExecuted=36
ExeEngine(0):noRetSelf_iBJ_NotExecuted=1074
ExeEngine(0):noRetSelf_iLoad_NotExecuted=16492
ExeEngine(0):noRetSelf_iStore_NotExecuted=949
ExeEngine(0):noRetSelf_fpALU_NotExecuted=0
ExeEngine(0):noRetSelf_fpMult_NotExecuted=0
ExeEngine(0):noRetSelf_fpDiv_NotExecuted=0
ExeEngine(0):noRetSelf_iFence_NotExecuted=0
ExeEngine(0):noRetSelf_iLoad_NotFinished=0
ExeEngine(0):noRetSelf_iStore_NoCacheSpace=0
ExeEngine(0):noRetSelf_iStore_NoCachePorts=44
ExeEngine(0):noRetSelf_iStore_WaitForFence=0
ExeEngine(0):noRetSelf_iFence_NoCacheSpace=0
ExeEngine(0):noRetSelf_iFence_WaitForFence=0
ExeEngine(0):noRetOther_iOpInvalid_NotExecuted=0
ExeEngine(0):noRetOther_iALU_NotExecuted=2239
ExeEngine(0):noRetOther_iMult_NotExecuted=23
ExeEngine(0):noRetOther_iDiv_NotExecuted=33
ExeEngine(0):noRetOther_iBJ_NotExecuted=802
ExeEngine(0):noRetOther_iLoad_NotExecuted=16143
ExeEngine(0):noRetOther_iStore_NotExecuted=513
ExeEngine(0):noRetOther_fpALU_NotExecuted=0
ExeEngine(0):noRetOther_fpMult_NotExecuted=0
ExeEngine(0):noRetOther_fpDiv_NotExecuted=0
ExeEngine(0):noRetOther_iFence_NotExecuted=0
ExeEngine(0):noRetOther_iLoad_NotFinished=0
ExeEngine(0):noRetOther_iStore_NoCacheSpace=0
ExeEngine(0):noRetOther_iStore_NoCachePorts=28
ExeEngine(0):noRetOther_iStore_WaitForFence=0
ExeEngine(0):noRetOther_iFence_NoCacheSpace=0
ExeEngine(0):noRetOther_iFence_WaitForFence=0
PendingWindow(0)_iOpInvalid:n=0
PendingWindow(0)_iALU:n=2078
PendingWindow(0)_iComplex:n=6
PendingWindow(0)_iBJ:n=883
PendingWindow(0)_iLoad:n=979
PendingWindow(0)_iStore:n=905
PendingWindow(0)_fpALU:n=0
PendingWindow(0)_fpComplex:n=0
PendingWindow(0)_other:n=0
FetchEngine(0)_avgBranchTime:v=131.413:n=441
FetchEngine(0)_avgInstsFetched:v=0:n=0
FetchEngine(0):nDelayInst1=115906
FetchEngine(0):nDelayInst2=202
FetchEngine(0):nFetched=4851
FetchEngine(0):nBTAC=0
FetchEngine(0):szBB(1)=51
FetchEngine(0):szBB(2)=162
FetchEngine(0):szBB(3)=116
FetchEngine(0):szBB(4)=84
FetchEngine(0):szBB(5)=184
FetchEngine(0):szBB(6)=55
FetchEngine(0):szBB(7)=52
FetchEngine(0):szBB(8)=29
FetchEngine(0):szBB(9)=22
FetchEngine(0):szBB(10)=33
FetchEngine(0):szBB(11)=19
FetchEngine(0):szBB(12)=13
FetchEngine(0):szBB(13)=8
FetchEngine(0):szBB(14)=15
FetchEngine(0):szBB(15)=18
FetchEngine(0):szBB(16)=2
FetchEngine(0):szBB(17)=4
FetchEngine(0):szBB(18)=4
FetchEngine(0):szBB(19)=4
FetchEngine(0):szBB(20)=1
FetchEngine(0):szBB(22)=3
FetchEngine(0):szBB(28)=2
FetchEngine(0):szBB(32)=1
FetchEngine(0):szBB(39)=1
FetchEngine(0):szBB_MaxKey=39
FetchEngine(0):szBB_Avg=5.484711
FetchEngine(0):szBB_Samples=883
FetchEngine(0):szFB(1)=13
FetchEngine(0):szFB(2)=70
FetchEngine(0):szFB(3)=48
FetchEngine(0):szFB(51)=1
FetchEngine(0):szFB(4)=40
FetchEngine(0):szFB(5)=149
FetchEngine(0):szFB(6)=34
FetchEngine(0):szFB(7)=40
FetchEngine(0):szFB(8)=23
FetchEngine(0):szFB(9)=22
FetchEngine(0):szFB(10)=37
FetchEngine(0):szFB(11)=20
FetchEngine(0):szFB(12)=12
FetchEngine(0):szFB(13)=11
FetchEngine(0):szFB(61)=1
FetchEngine(0):szFB(14)=14
FetchEngine(0):szFB(15)=20
FetchEngine(0):szFB(16)=9
FetchEngine(0):szFB(17)=7
FetchEngine(0):szFB(18)=7
FetchEngine(0):szFB(19)=3
FetchEngine(0):szFB(20)=2
FetchEngine(0):szFB(22)=3
FetchEngine(0):szFB(23)=1
FetchEngine(0):szFB(24)=2
FetchEngine(0):szFB(25)=2
FetchEngine(0):szFB(26)=1
FetchEngine(0):szFB(27)=4
FetchEngine(0):szFB(28)=2
FetchEngine(0):szFB(29)=2
FetchEngine(0):szFB(30)=1
FetchEngine(0):szFB(31)=2
FetchEngine(0):szFB(32)=2
FetchEngine(0):szFB(33)=1
FetchEngine(0):szFB(34)=1
FetchEngine(0):szFB(35)=2
FetchEngine(0):szFB(36)=1
FetchEngine(0):szFB(40)=1
FetchEngine(0):szFB_MaxKey=61
FetchEngine(0):szFB_Avg=7.926350
FetchEngine(0):szFB_Samples=611
FetchEngine(0):szFS(1)=423
FetchEngine(0):szFS(2)=2214
FetchEngine(0):szFS_MaxKey=2
FetchEngine(0):szFS_Avg=1.839590
FetchEngine(0):szFS_Samples=2637
BPred(0)_RAS:nHit=90
BPred(0)_RAS:nMiss=4
BPred(0):nBranches=883
BPred(0):nTaken=611
BPred(0):nMiss=441
BPred(0)_Hybrid:nHit=352
BPred(0)_Hybrid:nMiss=437
BPred(0)_BTB:nHit=218
BPred(0)_BTB:nMiss=162
P(1)_DL1:readHit=0
P(1)_DL1:writeHit=0
P(1)_DL1:readMiss=0
P(1)_DL1:writeMiss=0
P(1)_DL1:readHalfMiss=0
P(1)_DL1:writeHalfMiss=0
P(1)_DL1:writeBack=0
P(1)_DL1:linePush=0
P(1)_DL1:lineFill=0
P(1)_DL1:readRetry=0
P(1)_DL1:writeRetry=0
P(1)_DL1:invalDirty=0
P(1)_DL1:allocDirty=0
P(1)_RTR_CTRLmsgCntHist(2)=109
P(1)_RTR_CTRLmsgCntHist_MaxKey=2
P(1)_RTR_CTRLmsgCntHist_Avg=2.000000
P(1)_RTR_CTRLmsgCntHist_Samples=109
P(1)_RTR_CTRLmsgS1Hist(2)=981
P(1)_RTR_CTRLmsgS1Hist_MaxKey=2
P(1)_RTR_CTRLmsgS1Hist_Avg=2.000000
P(1)_RTR_CTRLmsgS1Hist_Samples=981
P(1)_RTR_CTRLmsgS2Hist(2)=8829
P(1)_RTR_CTRLmsgS2Hist_MaxKey=2
P(1)_RTR_CTRLmsgS2Hist_Avg=2.000000
P(1)_RTR_CTRLmsgS2Hist_Samples=8829
P(1)_RTR_DATAmsgCntHist(2)=4
P(1)_RTR_DATAmsgCntHist_MaxKey=2
P(1)_RTR_DATAmsgCntHist_Avg=2.000000
P(1)_RTR_DATAmsgCntHist_Samples=4
P(1)_RTR_DATAmsgS1Hist(2)=52
P(1)_RTR_DATAmsgS1Hist_MaxKey=2
P(1)_RTR_DATAmsgS1Hist_Avg=2.000000
P(1)_RTR_DATAmsgS1Hist_Samples=52
P(1)_RTR_DATAmsgS2Hist(2)=676
P(1)_RTR_DATAmsgS2Hist_MaxKey=2
P(1)_RTR_DATAmsgS2Hist_Avg=2.000000
P(1)_RTR_DATAmsgS2Hist_Samples=676
P(1)_RTR_bus_occ:v=0:n=222
P(1)_L2S:readHalfMiss=0
P(1)_L2S:writeHalfMiss=0
P(1)_L2S:writeMiss=0
P(1)_L2S:readMiss=109
P(1)_L2S:readHit=0
P(1)_L2S:writeHit=0
P(1)_L2S:writeBack=0
P(1)_L2S:lineFill=109
P(1)_L2S:linePush=4
P(1)_L2S:nForwarded=0
P(1)_L2S:nWBFull=0
P(1)_L2S_avgPendingWrites:v=0:n=0
P(1)_L2S_avgMissLat:v=210:n=109
P(1)_L2S:rejected=0
P(1)_L2S:rejectedHits=0
P(1)_L2S_DIR_occ:v=0:n=4
P(1)_L2S_MSHR0_MSHR:nUse=109
P(1)_L2S_MSHR0_MSHR:nUseReads=109
P(1)_L2S_MSHR0_MSHR:nUseWrites=0
P(1)_L2S_MSHR0_MSHR:nOverflows=0
P(1)_L2S_MSHR0_MSHR_maxUsedEntries:max=3:n=109
P(1)_L2S_MSHR0_MSHR:nCanAccept=0
P(1)_L2S_MSHR0_MSHR:nCanNotAccept=0
P(1)_L2S_MSHR0_MSHR:nCanNotAcceptConv=0
P(1)_L2S_MSHR0_MSHR:blockingCycles_AutoAvg=0.000000
P(1)_L2S_MSHR0_MSHR_avgOverflowConsumptions:v=0:n=0
P(1)_L2S_MSHR0_MSHR_maxOutsReqs:max=3:n=109
P(1)_L2S_MSHR0_MSHR_avgReqsPerLine:v=1:n=109
P(1)_L2S_MSHR0_MSHR:nIssuesNewEntry=109
P(1)_L2S_MSHR0_MSHR:nCanNotAcceptSubEntryFull=0
P(1)_L2S_MSHR0_MSHR:nCanNotAcceptTooManyWrites=0
P(1)_L2S_MSHR0_MSHR_avgQueueSize:v=0:n=109
P(1)_L2S_MSHR0_MSHR_avgWritesPerLine:v=0:n=109
P(1)_L2S_MSHR0_MSHR_avgWritesPerLineComb:v=0:n=109
P(1)_L2S_MSHR0_MSHR:nOnlyWrites=0
P(1)_L2S_MSHR0_MSHR:nRetiredEntries=109
P(1)_L2S_MSHR0_MSHR:nRetiredEntriesWritten=0
P(1)_L2S_B0:nAccesses=0
P(1)_L2S_occ:v=0:n=113
P(1)_L2S_B0_occ:v=0:n=222
P(1)_L2S_MSHR_B0_occ:v=0:n=327
P(1)_DL1_occ:v=0:n=0
P(1)_DL1_MSHR:nUse=0
P(1)_DL1_MSHR:nUseReads=0
P(1)_DL1_MSHR:nUseWrites=0
P(1)_DL1_MSHR:nOverflows=0
P(1)_DL1_MSHR_maxUsedEntries:max=0:n=0
P(1)_DL1_MSHR:nCanAccept=0
P(1)_DL1_MSHR:nCanNotAccept=0
P(1)_DL1_MSHR:nCanNotAcceptConv=0
P(1)_DL1_MSHR:blockingCycles_AutoAvg=0.000000
P(1)_DL1_MSHR_avgOverflowConsumptions:v=0:n=0
P(1)_DL1_MSHR_maxOutsReqs:max=0:n=0
P(1)_DL1_MSHR_avgReqsPerLine:v=0:n=0
P(1)_DL1_MSHR:nIssuesNewEntry=0
P(1)_DL1_MSHR:nCanNotAcceptSubEntryFull=0
P(1)_DL1_MSHR:nCanNotAcceptTooManyWrites=0
P(1)_DL1_MSHR_avgQueueSize:v=0:n=0
P(1)_DL1_MSHR_avgWritesPerLine:v=0:n=0
P(1)_DL1_MSHR_avgWritesPerLineComb:v=0:n=0
P(1)_DL1_MSHR:nOnlyWrites=0
P(1)_DL1_MSHR:nRetiredEntries=0
P(1)_DL1_MSHR:nRetiredEntriesWritten=0
P(1)_IL1:readHit=0
P(1)_IL1:writeHit=0
P(1)_IL1:readMiss=0
P(1)_IL1:writeMiss=0
P(1)_IL1:readHalfMiss=0
P(1)_IL1:writeHalfMiss=0
P(1)_IL1:writeBack=0
P(1)_IL1:linePush=0
P(1)_IL1:lineFill=0
P(1)_IL1:readRetry=0
P(1)_IL1:writeRetry=0
P(1)_IL1:invalDirty=0
P(1)_IL1:allocDirty=0
P(1)_IL1_occ:v=0:n=0
P(1)_IL1_MSHR:nUse=0
P(1)_IL1_MSHR:nUseReads=0
P(1)_IL1_MSHR:nUseWrites=0
P(1)_IL1_MSHR:nOverflows=0
P(1)_IL1_MSHR_maxUsedEntries:max=0:n=0
P(1)_IL1_MSHR:nCanAccept=0
P(1)_IL1_MSHR:nCanNotAccept=0
P(1)_IL1_MSHR:nCanNotAcceptConv=0
P(1)_IL1_MSHR:blockingCycles_AutoAvg=0.000000
P(1)_IL1_MSHR_avgOverflowConsumptions:v=0:n=0
P(1)_IL1_MSHR_maxOutsReqs:max=0:n=0
P(1)_IL1_MSHR_avgReqsPerLine:v=0:n=0
P(1)_IL1_MSHR:nIssuesNewEntry=0
P(1)_IL1_MSHR:nCanNotAcceptSubEntryFull=0
P(1)_IL1_MSHR:nCanNotAcceptTooManyWrites=0
P(1)_IL1_MSHR_avgQueueSize:v=0:n=0
P(1)_IL1_MSHR_avgWritesPerLine:v=0:n=0
P(1)_IL1_MSHR_avgWritesPerLineComb:v=0:n=0
P(1)_IL1_MSHR:nOnlyWrites=0
P(1)_IL1_MSHR:nRetiredEntries=0
P(1)_IL1_MSHR:nRetiredEntriesWritten=0
LDSTQ(1)_ldldViolations=0
LDSTQ(1)_stldViolations=0
LDSTQ(1)_ststViolations=0
LDSTQ(1)_stldForwarding=0
Proc(1)_FXClusterIssueX:nReplay=0
Proc(1)_FXClusterIssueX_wakeUp_occ:v=0:n=0
Proc(1)_FXClusterIssueX_sched_occ:v=0:n=0
Proc(1)_FXClusterIssueX_winNotUsed:v=0:n=0
ALUIssueX(1)_occ:v=0:n=0
LDSTIssueX(1)_occ:v=0:n=0
FULoad(1)_ldqNotUsed:v=0:n=0
FULoad(1):nForwarded=0
FUStore(1)_stqNotUsed:v=0:n=0
FUStore(1):nDeadStore=0
FUStore(1):nFences=0
FUStore(1):fenceStallCycles=0
Proc(1)_FPClusterIssueX:nReplay=0
Proc(1)_FPClusterIssueX_wakeUp_occ:v=0:n=0
Proc(1)_FPClusterIssueX_sched_occ:v=0:n=0
Proc(1)_FPClusterIssueX_winNotUsed:v=0:n=0
FPIssueX(1)_occ:v=0:n=0
Proc(1)_robUsed:v=0:n=0
Processor(1)_noFetch=0
Processor(1)_noFetch2=0
ExeEngine(1)_retired:v=0:n=0
ExeEngine(1):noRetOtherCause=0
Processor(1):nLocks=0
Processor(1):nLockContCycles=0
ExeEngine(1):nSmallWin=0
ExeEngine(1):nSmallROB=0
ExeEngine(1):nSmallREG=0
ExeEngine(1):nOutsLoads=0
ExeEngine(1):nOutsStores=0
ExeEngine(1):nOutsBranches=0
ExeEngine(1):nReplays=0
ExeEngine(1):PortConflict=0
ExeEngine(1):switch=0
ExeEngine(1):noRetSelf_iOpInvalid_NotExecuted=0
ExeEngine(1):noRetSelf_iALU_NotExecuted=0
ExeEngine(1):noRetSelf_iMult_NotExecuted=0
ExeEngine(1):noRetSelf_iDiv_NotExecuted=0
ExeEngine(1):noRetSelf_iBJ_NotExecuted=0
ExeEngine(1):noRetSelf_iLoad_NotExecuted=0
ExeEngine(1):noRetSelf_iStore_NotExecuted=0
ExeEngine(1):noRetSelf_fpALU_NotExecuted=0
ExeEngine(1):noRetSelf_fpMult_NotExecuted=0
ExeEngine(1):noRetSelf_fpDiv_NotExecuted=0
ExeEngine(1):noRetSelf_iFence_NotExecuted=0
ExeEngine(1):noRetSelf_iLoad_NotFinished=0
ExeEngine(1):noRetSelf_iStore_NoCacheSpace=0
ExeEngine(1):noRetSelf_iStore_NoCachePorts=0
ExeEngine(1):noRetSelf_iStore_WaitForFence=0
ExeEngine(1):noRetSelf_iFence_NoCacheSpace=0
ExeEngine(1):noRetSelf_iFence_WaitForFence=0
ExeEngine(1):noRetOther_iOpInvalid_NotExecuted=0
ExeEngine(1):noRetOther_iALU_NotExecuted=0
ExeEngine(1):noRetOther_iMult_NotExecuted=0
ExeEngine(1):noRetOther_iDiv_NotExecuted=0
ExeEngine(1):noRetOther_iBJ_NotExecuted=0
ExeEngine(1):noRetOther_iLoad_NotExecuted=0
ExeEngine(1):noRetOther_iStore_NotExecuted=0
ExeEngine(1):noRetOther_fpALU_NotExecuted=0
ExeEngine(1):noRetOther_fpMult_NotExecuted=0
ExeEngine(1):noRetOther_fpDiv_NotExecuted=0
ExeEngine(1):noRetOther_iFence_NotExecuted=0
ExeEngine(1):noRetOther_iLoad_NotFinished=0
ExeEngine(1):noRetOther_iStore_NoCacheSpace=0
ExeEngine(1):noRetOther_iStore_NoCachePorts=0
ExeEngine(1):noRetOther_iStore_WaitForFence=0
ExeEngine(1):noRetOther_iFence_NoCacheSpace=0
ExeEngine(1):noRetOther_iFence_WaitForFence=0
PendingWindow(1)_iOpInvalid:n=0
PendingWindow(1)_iALU:n=0
PendingWindow(1)_iComplex:n=0
PendingWindow(1)_iBJ:n=0
PendingWindow(1)_iLoad:n=0
PendingWindow(1)_iStore:n=0
PendingWindow(1)_fpALU:n=0
PendingWindow(1)_fpComplex:n=0
PendingWindow(1)_other:n=0
FetchEngine(1)_avgBranchTime:v=0:n=0
FetchEngine(1)_avgInstsFetched:v=0:n=0
FetchEngine(1):nDelayInst1=0
FetchEngine(1):nDelayInst2=0
FetchEngine(1):nFetched=0
FetchEngine(1):nBTAC=0
FetchEngine(1):szBB_MaxKey=0
FetchEngine(1):szBB_Avg=-nan
FetchEngine(1):szBB_Samples=0
FetchEngine(1):szFB_MaxKey=0
FetchEngine(1):szFB_Avg=-nan
FetchEngine(1):szFB_Samples=0
FetchEngine(1):szFS_MaxKey=0
FetchEngine(1):szFS_Avg=-nan
FetchEngine(1):szFS_Samples=0
BPred(1)_RAS:nHit=0
BPred(1)_RAS:nMiss=0
BPred(1):nBranches=0
BPred(1):nTaken=0
BPred(1):nMiss=0
BPred(1)_Hybrid:nHit=0
BPred(1)_Hybrid:nMiss=0
BPred(1)_BTB:nHit=0
BPred(1)_BTB:nMiss=0
P(2)_DL1:readHit=0
P(2)_DL1:writeHit=0
P(2)_DL1:readMiss=0
P(2)_DL1:writeMiss=0
P(2)_DL1:readHalfMiss=0
P(2)_DL1:writeHalfMiss=0
P(2)_DL1:writeBack=0
P(2)_DL1:linePush=0
P(2)_DL1:lineFill=0
P(2)_DL1:readRetry=0
P(2)_DL1:writeRetry=0
P(2)_DL1:invalDirty=0
P(2)_DL1:allocDirty=0
P(2)_RTR_CTRLmsgCntHist(2)=108
P(2)_RTR_CTRLmsgCntHist_MaxKey=2
P(2)_RTR_CTRLmsgCntHist_Avg=2.000000
P(2)_RTR_CTRLmsgCntHist_Samples=108
P(2)_RTR_CTRLmsgS1Hist(2)=973
P(2)_RTR_CTRLmsgS1Hist_MaxKey=2
P(2)_RTR_CTRLmsgS1Hist_Avg=2.000000
P(2)_RTR_CTRLmsgS1Hist_Samples=973
P(2)_RTR_CTRLmsgS2Hist(2)=8767
P(2)_RTR_CTRLmsgS2Hist_MaxKey=2
P(2)_RTR_CTRLmsgS2Hist_Avg=2.000000
P(2)_RTR_CTRLmsgS2Hist_Samples=8767
P(2)_RTR_DATAmsgCntHist(2)=3
P(2)_RTR_DATAmsgCntHist_MaxKey=2
P(2)_RTR_DATAmsgCntHist_Avg=2.000000
P(2)_RTR_DATAmsgCntHist_Samples=3
P(2)_RTR_DATAmsgS1Hist(2)=39
P(2)_RTR_DATAmsgS1Hist_MaxKey=2
P(2)_RTR_DATAmsgS1Hist_Avg=2.000000
P(2)_RTR_DATAmsgS1Hist_Samples=39
P(2)_RTR_DATAmsgS2Hist(2)=507
P(2)_RTR_DATAmsgS2Hist_MaxKey=2
P(2)_RTR_DATAmsgS2Hist_Avg=2.000000
P(2)_RTR_DATAmsgS2Hist_Samples=507
P(2)_RTR_bus_occ:v=0:n=219
P(2)_L2S:readHalfMiss=0
P(2)_L2S:writeHalfMiss=0
P(2)_L2S:writeMiss=0
P(2)_L2S:readMiss=108
P(2)_L2S:readHit=0
P(2)_L2S:writeHit=0
P(2)_L2S:writeBack=0
P(2)_L2S:lineFill=108
P(2)_L2S:linePush=3
P(2)_L2S:nForwarded=0
P(2)_L2S:nWBFull=0
P(2)_L2S_avgPendingWrites:v=0:n=0
P(2)_L2S_avgMissLat:v=210:n=108
P(2)_L2S:rejected=0
P(2)_L2S:rejectedHits=0
P(2)_L2S_DIR_occ:v=0:n=3
P(2)_L2S_MSHR0_MSHR:nUse=108
P(2)_L2S_MSHR0_MSHR:nUseReads=108
P(2)_L2S_MSHR0_MSHR:nUseWrites=0
P(2)_L2S_MSHR0_MSHR:nOverflows=0
P(2)_L2S_MSHR0_MSHR_maxUsedEntries:max=3:n=108
P(2)_L2S_MSHR0_MSHR:nCanAccept=0
P(2)_L2S_MSHR0_MSHR:nCanNotAccept=0
P(2)_L2S_MSHR0_MSHR:nCanNotAcceptConv=0
P(2)_L2S_MSHR0_MSHR:blockingCycles_AutoAvg=0.000000
P(2)_L2S_MSHR0_MSHR_avgOverflowConsumptions:v=0:n=0
P(2)_L2S_MSHR0_MSHR_maxOutsReqs:max=3:n=108
P(2)_L2S_MSHR0_MSHR_avgReqsPerLine:v=1:n=108
P(2)_L2S_MSHR0_MSHR:nIssuesNewEntry=108
P(2)_L2S_MSHR0_MSHR:nCanNotAcceptSubEntryFull=0
P(2)_L2S_MSHR0_MSHR:nCanNotAcceptTooManyWrites=0
P(2)_L2S_MSHR0_MSHR_avgQueueSize:v=0:n=108
P(2)_L2S_MSHR0_MSHR_avgWritesPerLine:v=0:n=108
P(2)_L2S_MSHR0_MSHR_avgWritesPerLineComb:v=0:n=108
P(2)_L2S_MSHR0_MSHR:nOnlyWrites=0
P(2)_L2S_MSHR0_MSHR:nRetiredEntries=108
P(2)_L2S_MSHR0_MSHR:nRetiredEntriesWritten=0
P(2)_L2S_B0:nAccesses=0
P(2)_L2S_occ:v=0:n=111
P(2)_L2S_B0_occ:v=0:n=219
P(2)_L2S_MSHR_B0_occ:v=0:n=324
P(2)_DL1_occ:v=0:n=0
P(2)_DL1_MSHR:nUse=0
P(2)_DL1_MSHR:nUseReads=0
P(2)_DL1_MSHR:nUseWrites=0
P(2)_DL1_MSHR:nOverflows=0
P(2)_DL1_MSHR_maxUsedEntries:max=0:n=0
P(2)_DL1_MSHR:nCanAccept=0
P(2)_DL1_MSHR:nCanNotAccept=0
P(2)_DL1_MSHR:nCanNotAcceptConv=0
P(2)_DL1_MSHR:blockingCycles_AutoAvg=0.000000
P(2)_DL1_MSHR_avgOverflowConsumptions:v=0:n=0
P(2)_DL1_MSHR_maxOutsReqs:max=0:n=0
P(2)_DL1_MSHR_avgReqsPerLine:v=0:n=0
P(2)_DL1_MSHR:nIssuesNewEntry=0
P(2)_DL1_MSHR:nCanNotAcceptSubEntryFull=0
P(2)_DL1_MSHR:nCanNotAcceptTooManyWrites=0
P(2)_DL1_MSHR_avgQueueSize:v=0:n=0
P(2)_DL1_MSHR_avgWritesPerLine:v=0:n=0
P(2)_DL1_MSHR_avgWritesPerLineComb:v=0:n=0
P(2)_DL1_MSHR:nOnlyWrites=0
P(2)_DL1_MSHR:nRetiredEntries=0
P(2)_DL1_MSHR:nRetiredEntriesWritten=0
P(2)_IL1:readHit=0
P(2)_IL1:writeHit=0
P(2)_IL1:readMiss=0
P(2)_IL1:writeMiss=0
P(2)_IL1:readHalfMiss=0
P(2)_IL1:writeHalfMiss=0
P(2)_IL1:writeBack=0
P(2)_IL1:linePush=0
P(2)_IL1:lineFill=0
P(2)_IL1:readRetry=0
P(2)_IL1:writeRetry=0
P(2)_IL1:invalDirty=0
P(2)_IL1:allocDirty=0
P(2)_IL1_occ:v=0:n=0
P(2)_IL1_MSHR:nUse=0
P(2)_IL1_MSHR:nUseReads=0
P(2)_IL1_MSHR:nUseWrites=0
P(2)_IL1_MSHR:nOverflows=0
P(2)_IL1_MSHR_maxUsedEntries:max=0:n=0
P(2)_IL1_MSHR:nCanAccept=0
P(2)_IL1_MSHR:nCanNotAccept=0
P(2)_IL1_MSHR:nCanNotAcceptConv=0
P(2)_IL1_MSHR:blockingCycles_AutoAvg=0.000000
P(2)_IL1_MSHR_avgOverflowConsumptions:v=0:n=0
P(2)_IL1_MSHR_maxOutsReqs:max=0:n=0
P(2)_IL1_MSHR_avgReqsPerLine:v=0:n=0
P(2)_IL1_MSHR:nIssuesNewEntry=0
P(2)_IL1_MSHR:nCanNotAcceptSubEntryFull=0
P(2)_IL1_MSHR:nCanNotAcceptTooManyWrites=0
P(2)_IL1_MSHR_avgQueueSize:v=0:n=0
P(2)_IL1_MSHR_avgWritesPerLine:v=0:n=0
P(2)_IL1_MSHR_avgWritesPerLineComb:v=0:n=0
P(2)_IL1_MSHR:nOnlyWrites=0
P(2)_IL1_MSHR:nRetiredEntries=0
P(2)_IL1_MSHR:nRetiredEntriesWritten=0
LDSTQ(2)_ldldViolations=0
LDSTQ(2)_stldViolations=0
LDSTQ(2)_ststViolations=0
LDSTQ(2)_stldForwarding=0
Proc(2)_FXClusterIssueX:nReplay=0
Proc(2)_FXClusterIssueX_wakeUp_occ:v=0:n=0
Proc(2)_FXClusterIssueX_sched_occ:v=0:n=0
Proc(2)_FXClusterIssueX_winNotUsed:v=0:n=0
ALUIssueX(2)_occ:v=0:n=0
LDSTIssueX(2)_occ:v=0:n=0
FULoad(2)_ldqNotUsed:v=0:n=0
FULoad(2):nForwarded=0
FUStore(2)_stqNotUsed:v=0:n=0
FUStore(2):nDeadStore=0
FUStore(2):nFences=0
FUStore(2):fenceStallCycles=0
Proc(2)_FPClusterIssueX:nReplay=0
Proc(2)_FPClusterIssueX_wakeUp_occ:v=0:n=0
Proc(2)_FPClusterIssueX_sched_occ:v=0:n=0
Proc(2)_FPClusterIssueX_winNotUsed:v=0:n=0
FPIssueX(2)_occ:v=0:n=0
Proc(2)_robUsed:v=0:n=0
Processor(2)_noFetch=0
Processor(2)_noFetch2=0
ExeEngine(2)_retired:v=0:n=0
ExeEngine(2):noRetOtherCause=0
Processor(2):nLocks=0
Processor(2):nLockContCycles=0
ExeEngine(2):nSmallWin=0
ExeEngine(2):nSmallROB=0
ExeEngine(2):nSmallREG=0
ExeEngine(2):nOutsLoads=0
ExeEngine(2):nOutsStores=0
ExeEngine(2):nOutsBranches=0
ExeEngine(2):nReplays=0
ExeEngine(2):PortConflict=0
ExeEngine(2):switch=0
ExeEngine(2):noRetSelf_iOpInvalid_NotExecuted=0
ExeEngine(2):noRetSelf_iALU_NotExecuted=0
ExeEngine(2):noRetSelf_iMult_NotExecuted=0
ExeEngine(2):noRetSelf_iDiv_NotExecuted=0
ExeEngine(2):noRetSelf_iBJ_NotExecuted=0
ExeEngine(2):noRetSelf_iLoad_NotExecuted=0
ExeEngine(2):noRetSelf_iStore_NotExecuted=0
ExeEngine(2):noRetSelf_fpALU_NotExecuted=0
ExeEngine(2):noRetSelf_fpMult_NotExecuted=0
ExeEngine(2):noRetSelf_fpDiv_NotExecuted=0
ExeEngine(2):noRetSelf_iFence_NotExecuted=0
ExeEngine(2):noRetSelf_iLoad_NotFinished=0
ExeEngine(2):noRetSelf_iStore_NoCacheSpace=0
ExeEngine(2):noRetSelf_iStore_NoCachePorts=0
ExeEngine(2):noRetSelf_iStore_WaitForFence=0
ExeEngine(2):noRetSelf_iFence_NoCacheSpace=0
ExeEngine(2):noRetSelf_iFence_WaitForFence=0
ExeEngine(2):noRetOther_iOpInvalid_NotExecuted=0
ExeEngine(2):noRetOther_iALU_NotExecuted=0
ExeEngine(2):noRetOther_iMult_NotExecuted=0
ExeEngine(2):noRetOther_iDiv_NotExecuted=0
ExeEngine(2):noRetOther_iBJ_NotExecuted=0
ExeEngine(2):noRetOther_iLoad_NotExecuted=0
ExeEngine(2):noRetOther_iStore_NotExecuted=0
ExeEngine(2):noRetOther_fpALU_NotExecuted=0
ExeEngine(2):noRetOther_fpMult_NotExecuted=0
ExeEngine(2):noRetOther_fpDiv_NotExecuted=0
ExeEngine(2):noRetOther_iFence_NotExecuted=0
ExeEngine(2):noRetOther_iLoad_NotFinished=0
ExeEngine(2):noRetOther_iStore_NoCacheSpace=0
ExeEngine(2):noRetOther_iStore_NoCachePorts=0
ExeEngine(2):noRetOther_iStore_WaitForFence=0
ExeEngine(2):noRetOther_iFence_NoCacheSpace=0
ExeEngine(2):noRetOther_iFence_WaitForFence=0
PendingWindow(2)_iOpInvalid:n=0
PendingWindow(2)_iALU:n=0
PendingWindow(2)_iComplex:n=0
PendingWindow(2)_iBJ:n=0
PendingWindow(2)_iLoad:n=0
PendingWindow(2)_iStore:n=0
PendingWindow(2)_fpALU:n=0
PendingWindow(2)_fpComplex:n=0
PendingWindow(2)_other:n=0
FetchEngine(2)_avgBranchTime:v=0:n=0
FetchEngine(2)_avgInstsFetched:v=0:n=0
FetchEngine(2):nDelayInst1=0
FetchEngine(2):nDelayInst2=0
FetchEngine(2):nFetched=0
FetchEngine(2):nBTAC=0
FetchEngine(2):szBB_MaxKey=0
FetchEngine(2):szBB_Avg=-nan
FetchEngine(2):szBB_Samples=0
FetchEngine(2):szFB_MaxKey=0
FetchEngine(2):szFB_Avg=-nan
FetchEngine(2):szFB_Samples=0
FetchEngine(2):szFS_MaxKey=0
FetchEngine(2):szFS_Avg=-nan
FetchEngine(2):szFS_Samples=0
BPred(2)_RAS:nHit=0
BPred(2)_RAS:nMiss=0
BPred(2):nBranches=0
BPred(2):nTaken=0
BPred(2):nMiss=0
BPred(2)_Hybrid:nHit=0
BPred(2)_Hybrid:nMiss=0
BPred(2)_BTB:nHit=0
BPred(2)_BTB:nMiss=0
P(3)_DL1:readHit=0
P(3)_DL1:writeHit=0
P(3)_DL1:readMiss=0
P(3)_DL1:writeMiss=0
P(3)_DL1:readHalfMiss=0
P(3)_DL1:writeHalfMiss=0
P(3)_DL1:writeBack=0
P(3)_DL1:linePush=0
P(3)_DL1:lineFill=0
P(3)_DL1:readRetry=0
P(3)_DL1:writeRetry=0
P(3)_DL1:invalDirty=0
P(3)_DL1:allocDirty=0
P(3)_RTR_CTRLmsgCntHist(3)=99
P(3)_RTR_CTRLmsgCntHist_MaxKey=3
P(3)_RTR_CTRLmsgCntHist_Avg=3.000000
P(3)_RTR_CTRLmsgCntHist_Samples=99
P(3)_RTR_CTRLmsgS1Hist(3)=1189
P(3)_RTR_CTRLmsgS1Hist_MaxKey=3
P(3)_RTR_CTRLmsgS1Hist_Avg=3.000000
P(3)_RTR_CTRLmsgS1Hist_Samples=1189
P(3)_RTR_CTRLmsgS2Hist(3)=14281
P(3)_RTR_CTRLmsgS2Hist_MaxKey=3
P(3)_RTR_CTRLmsgS2Hist_Avg=3.000000
P(3)_RTR_CTRLmsgS2Hist_Samples=14281
P(3)_RTR_DATAmsgCntHist(3)=5
P(3)_RTR_DATAmsgCntHist_MaxKey=3
P(3)_RTR_DATAmsgCntHist_Avg=3.000000
P(3)_RTR_DATAmsgCntHist_Samples=5
P(3)_RTR_DATAmsgS1Hist(3)=80
P(3)_RTR_DATAmsgS1Hist_MaxKey=3
P(3)_RTR_DATAmsgS1Hist_Avg=3.000000
P(3)_RTR_DATAmsgS1Hist_Samples=80
P(3)_RTR_DATAmsgS2Hist(3)=1280
P(3)_RTR_DATAmsgS2Hist_MaxKey=3
P(3)_RTR_DATAmsgS2Hist_Avg=3.000000
P(3)_RTR_DATAmsgS2Hist_Samples=1280
P(3)_RTR_bus_occ:v=0:n=203
P(3)_L2S:readHalfMiss=0
P(3)_L2S:writeHalfMiss=0
P(3)_L2S:writeMiss=0
P(3)_L2S:readMiss=99
P(3)_L2S:readHit=0
P(3)_L2S:writeHit=0
P(3)_L2S:writeBack=0
P(3)_L2S:lineFill=99
P(3)_L2S:linePush=5
P(3)_L2S:nForwarded=0
P(3)_L2S:nWBFull=0
P(3)_L2S_avgPendingWrites:v=0:n=0
P(3)_L2S_avgMissLat:v=210:n=99
P(3)_L2S:rejected=0
P(3)_L2S:rejectedHits=0
P(3)_L2S_DIR_occ:v=0:n=5
P(3)_L2S_MSHR0_MSHR:nUse=99
P(3)_L2S_MSHR0_MSHR:nUseReads=99
P(3)_L2S_MSHR0_MSHR:nUseWrites=0
P(3)_L2S_MSHR0_MSHR:nOverflows=0
P(3)_L2S_MSHR0_MSHR_maxUsedEntries:max=2:n=99
P(3)_L2S_MSHR0_MSHR:nCanAccept=0
P(3)_L2S_MSHR0_MSHR:nCanNotAccept=0
P(3)_L2S_MSHR0_MSHR:nCanNotAcceptConv=0
P(3)_L2S_MSHR0_MSHR:blockingCycles_AutoAvg=0.000000
P(3)_L2S_MSHR0_MSHR_avgOverflowConsumptions:v=0:n=0
P(3)_L2S_MSHR0_MSHR_maxOutsReqs:max=2:n=99
P(3)_L2S_MSHR0_MSHR_avgReqsPerLine:v=1:n=99
P(3)_L2S_MSHR0_MSHR:nIssuesNewEntry=99
P(3)_L2S_MSHR0_MSHR:nCanNotAcceptSubEntryFull=0
P(3)_L2S_MSHR0_MSHR:nCanNotAcceptTooManyWrites=0
P(3)_L2S_MSHR0_MSHR_avgQueueSize:v=0:n=99
P(3)_L2S_MSHR0_MSHR_avgWritesPerLine:v=0:n=99
P(3)_L2S_MSHR0_MSHR_avgWritesPerLineComb:v=0:n=99
P(3)_L2S_MSHR0_MSHR:nOnlyWrites=0
P(3)_L2S_MSHR0_MSHR:nRetiredEntries=99
P(3)_L2S_MSHR0_MSHR:nRetiredEntriesWritten=0
P(3)_L2S_B0:nAccesses=0
P(3)_L2S_occ:v=0:n=104
P(3)_L2S_B0_occ:v=0:n=203
P(3)_L2S_MSHR_B0_occ:v=0:n=297
P(3)_DL1_occ:v=0:n=0
P(3)_DL1_MSHR:nUse=0
P(3)_DL1_MSHR:nUseReads=0
P(3)_DL1_MSHR:nUseWrites=0
P(3)_DL1_MSHR:nOverflows=0
P(3)_DL1_MSHR_maxUsedEntries:max=0:n=0
P(3)_DL1_MSHR:nCanAccept=0
P(3)_DL1_MSHR:nCanNotAccept=0
P(3)_DL1_MSHR:nCanNotAcceptConv=0
P(3)_DL1_MSHR:blockingCycles_AutoAvg=0.000000
P(3)_DL1_MSHR_avgOverflowConsumptions:v=0:n=0
P(3)_DL1_MSHR_maxOutsReqs:max=0:n=0
P(3)_DL1_MSHR_avgReqsPerLine:v=0:n=0
P(3)_DL1_MSHR:nIssuesNewEntry=0
P(3)_DL1_MSHR:nCanNotAcceptSubEntryFull=0
P(3)_DL1_MSHR:nCanNotAcceptTooManyWrites=0
P(3)_DL1_MSHR_avgQueueSize:v=0:n=0
P(3)_DL1_MSHR_avgWritesPerLine:v=0:n=0
P(3)_DL1_MSHR_avgWritesPerLineComb:v=0:n=0
P(3)_DL1_MSHR:nOnlyWrites=0
P(3)_DL1_MSHR:nRetiredEntries=0
P(3)_DL1_MSHR:nRetiredEntriesWritten=0
P(3)_IL1:readHit=0
P(3)_IL1:writeHit=0
P(3)_IL1:readMiss=0
P(3)_IL1:writeMiss=0
P(3)_IL1:readHalfMiss=0
P(3)_IL1:writeHalfMiss=0
P(3)_IL1:writeBack=0
P(3)_IL1:linePush=0
P(3)_IL1:lineFill=0
P(3)_IL1:readRetry=0
P(3)_IL1:writeRetry=0
P(3)_IL1:invalDirty=0
P(3)_IL1:allocDirty=0
P(3)_IL1_occ:v=0:n=0
P(3)_IL1_MSHR:nUse=0
P(3)_IL1_MSHR:nUseReads=0
P(3)_IL1_MSHR:nUseWrites=0
P(3)_IL1_MSHR:nOverflows=0
P(3)_IL1_MSHR_maxUsedEntries:max=0:n=0
P(3)_IL1_MSHR:nCanAccept=0
P(3)_IL1_MSHR:nCanNotAccept=0
P(3)_IL1_MSHR:nCanNotAcceptConv=0
P(3)_IL1_MSHR:blockingCycles_AutoAvg=0.000000
P(3)_IL1_MSHR_avgOverflowConsumptions:v=0:n=0
P(3)_IL1_MSHR_maxOutsReqs:max=0:n=0
P(3)_IL1_MSHR_avgReqsPerLine:v=0:n=0
P(3)_IL1_MSHR:nIssuesNewEntry=0
P(3)_IL1_MSHR:nCanNotAcceptSubEntryFull=0
P(3)_IL1_MSHR:nCanNotAcceptTooManyWrites=0
P(3)_IL1_MSHR_avgQueueSize:v=0:n=0
P(3)_IL1_MSHR_avgWritesPerLine:v=0:n=0
P(3)_IL1_MSHR_avgWritesPerLineComb:v=0:n=0
P(3)_IL1_MSHR:nOnlyWrites=0
P(3)_IL1_MSHR:nRetiredEntries=0
P(3)_IL1_MSHR:nRetiredEntriesWritten=0
LDSTQ(3)_ldldViolations=0
LDSTQ(3)_stldViolations=0
LDSTQ(3)_ststViolations=0
LDSTQ(3)_stldForwarding=0
Proc(3)_FXClusterIssueX:nReplay=0
Proc(3)_FXClusterIssueX_wakeUp_occ:v=0:n=0
Proc(3)_FXClusterIssueX_sched_occ:v=0:n=0
Proc(3)_FXClusterIssueX_winNotUsed:v=0:n=0
ALUIssueX(3)_occ:v=0:n=0
LDSTIssueX(3)_occ:v=0:n=0
FULoad(3)_ldqNotUsed:v=0:n=0
FULoad(3):nForwarded=0
FUStore(3)_stqNotUsed:v=0:n=0
FUStore(3):nDeadStore=0
FUStore(3):nFences=0
FUStore(3):fenceStallCycles=0
Proc(3)_FPClusterIssueX:nReplay=0
Proc(3)_FPClusterIssueX_wakeUp_occ:v=0:n=0
Proc(3)_FPClusterIssueX_sched_occ:v=0:n=0
Proc(3)_FPClusterIssueX_winNotUsed:v=0:n=0
FPIssueX(3)_occ:v=0:n=0
Proc(3)_robUsed:v=0:n=0
Processor(3)_noFetch=0
Processor(3)_noFetch2=0
ExeEngine(3)_retired:v=0:n=0
ExeEngine(3):noRetOtherCause=0
Processor(3):nLocks=0
Processor(3):nLockContCycles=0
ExeEngine(3):nSmallWin=0
ExeEngine(3):nSmallROB=0
ExeEngine(3):nSmallREG=0
ExeEngine(3):nOutsLoads=0
ExeEngine(3):nOutsStores=0
ExeEngine(3):nOutsBranches=0
ExeEngine(3):nReplays=0
ExeEngine(3):PortConflict=0
ExeEngine(3):switch=0
ExeEngine(3):noRetSelf_iOpInvalid_NotExecuted=0
ExeEngine(3):noRetSelf_iALU_NotExecuted=0
ExeEngine(3):noRetSelf_iMult_NotExecuted=0
ExeEngine(3):noRetSelf_iDiv_NotExecuted=0
ExeEngine(3):noRetSelf_iBJ_NotExecuted=0
ExeEngine(3):noRetSelf_iLoad_NotExecuted=0
ExeEngine(3):noRetSelf_iStore_NotExecuted=0
ExeEngine(3):noRetSelf_fpALU_NotExecuted=0
ExeEngine(3):noRetSelf_fpMult_NotExecuted=0
ExeEngine(3):noRetSelf_fpDiv_NotExecuted=0
ExeEngine(3):noRetSelf_iFence_NotExecuted=0
ExeEngine(3):noRetSelf_iLoad_NotFinished=0
ExeEngine(3):noRetSelf_iStore_NoCacheSpace=0
ExeEngine(3):noRetSelf_iStore_NoCachePorts=0
ExeEngine(3):noRetSelf_iStore_WaitForFence=0
ExeEngine(3):noRetSelf_iFence_NoCacheSpace=0
ExeEngine(3):noRetSelf_iFence_WaitForFence=0
ExeEngine(3):noRetOther_iOpInvalid_NotExecuted=0
ExeEngine(3):noRetOther_iALU_NotExecuted=0
ExeEngine(3):noRetOther_iMult_NotExecuted=0
ExeEngine(3):noRetOther_iDiv_NotExecuted=0
ExeEngine(3):noRetOther_iBJ_NotExecuted=0
ExeEngine(3):noRetOther_iLoad_NotExecuted=0
ExeEngine(3):noRetOther_iStore_NotExecuted=0
ExeEngine(3):noRetOther_fpALU_NotExecuted=0
ExeEngine(3):noRetOther_fpMult_NotExecuted=0
ExeEngine(3):noRetOther_fpDiv_NotExecuted=0
ExeEngine(3):noRetOther_iFence_NotExecuted=0
ExeEngine(3):noRetOther_iLoad_NotFinished=0
ExeEngine(3):noRetOther_iStore_NoCacheSpace=0
ExeEngine(3):noRetOther_iStore_NoCachePorts=0
ExeEngine(3):noRetOther_iStore_WaitForFence=0
ExeEngine(3):noRetOther_iFence_NoCacheSpace=0
ExeEngine(3):noRetOther_iFence_WaitForFence=0
PendingWindow(3)_iOpInvalid:n=0
PendingWindow(3)_iALU:n=0
PendingWindow(3)_iComplex:n=0
PendingWindow(3)_iBJ:n=0
PendingWindow(3)_iLoad:n=0
PendingWindow(3)_iStore:n=0
PendingWindow(3)_fpALU:n=0
PendingWindow(3)_fpComplex:n=0
PendingWindow(3)_other:n=0
FetchEngine(3)_avgBranchTime:v=0:n=0
FetchEngine(3)_avgInstsFetched:v=0:n=0
FetchEngine(3):nDelayInst1=0
FetchEngine(3):nDelayInst2=0
FetchEngine(3):nFetched=0
FetchEngine(3):nBTAC=0
FetchEngine(3):szBB_MaxKey=0
FetchEngine(3):szBB_Avg=-nan
FetchEngine(3):szBB_Samples=0
FetchEngine(3):szFB_MaxKey=0
FetchEngine(3):szFB_Avg=-nan
FetchEngine(3):szFB_Samples=0
FetchEngine(3):szFS_MaxKey=0
FetchEngine(3):szFS_Avg=-nan
FetchEngine(3):szFS_Samples=0
BPred(3)_RAS:nHit=0
BPred(3)_RAS:nMiss=0
BPred(3):nBranches=0
BPred(3):nTaken=0
BPred(3):nMiss=0
BPred(3)_Hybrid:nHit=0
BPred(3)_Hybrid:nMiss=0
BPred(3)_BTB:nHit=0
BPred(3)_BTB:nMiss=0
END GStats::report Final
OSSim:endTime=Thu Aug 29 23:04:34 2019
